TN:
SF:server/db.config.ts
FNF:0
FNH:0
DA:4,9
DA:7,9
DA:11,9
DA:13,0
DA:15,0
DA:16,0
DA:21,0
DA:36,9
DA:38,9
DA:39,0
DA:44,9
DA:60,9
LF:12
LH:7
BRDA:7,0,0,9
BRDA:7,0,1,0
BRDA:11,1,0,0
BRDA:11,1,1,9
BRDA:13,2,0,0
BRDA:13,2,1,0
BRDA:15,3,0,0
BRDA:32,4,0,0
BRDA:32,4,1,0
BRDA:38,5,0,0
BRDA:46,6,0,0
BRDA:46,6,1,9
BRDA:55,7,0,0
BRDA:55,7,1,9
BRF:14
BRH:4
end_of_record
TN:
SF:server/db.ts
FNF:0
FNH:0
DA:6,0
DA:8,0
DA:9,0
DA:14,0
DA:15,0
LF:5
LH:0
BRDA:8,0,0,0
BRF:1
BRH:0
end_of_record
TN:
SF:server/index.ts
FN:30,getAllowedOrigins
FN:33,(anonymous_8)
FN:74,(anonymous_9)
FN:80,(anonymous_10)
FN:85,(anonymous_11)
FN:136,(anonymous_12)
FN:148,(anonymous_13)
FN:160,(anonymous_14)
FN:160,(anonymous_15)
FN:181,(anonymous_16)
FN:186,(anonymous_17)
FN:191,(anonymous_18)
FN:196,(anonymous_19)
FN:202,(anonymous_20)
FN:212,(anonymous_21)
FN:212,(anonymous_22)
FN:233,(anonymous_23)
FN:244,(anonymous_24)
FN:249,(anonymous_25)
FN:255,(anonymous_26)
FN:269,(anonymous_27)
FN:273,(anonymous_28)
FN:275,(anonymous_29)
FN:280,(anonymous_30)
FN:285,(anonymous_31)
FN:291,(anonymous_32)
FN:299,(anonymous_33)
FN:299,(anonymous_34)
FN:314,(anonymous_35)
FN:327,(anonymous_36)
FN:329,(anonymous_37)
FNF:31
FNH:0
FNDA:0,getAllowedOrigins
FNDA:0,(anonymous_8)
FNDA:0,(anonymous_9)
FNDA:0,(anonymous_10)
FNDA:0,(anonymous_11)
FNDA:0,(anonymous_12)
FNDA:0,(anonymous_13)
FNDA:0,(anonymous_14)
FNDA:0,(anonymous_15)
FNDA:0,(anonymous_16)
FNDA:0,(anonymous_17)
FNDA:0,(anonymous_18)
FNDA:0,(anonymous_19)
FNDA:0,(anonymous_20)
FNDA:0,(anonymous_21)
FNDA:0,(anonymous_22)
FNDA:0,(anonymous_23)
FNDA:0,(anonymous_24)
FNDA:0,(anonymous_25)
FNDA:0,(anonymous_26)
FNDA:0,(anonymous_27)
FNDA:0,(anonymous_28)
FNDA:0,(anonymous_29)
FNDA:0,(anonymous_30)
FNDA:0,(anonymous_31)
FNDA:0,(anonymous_32)
FNDA:0,(anonymous_33)
FNDA:0,(anonymous_34)
FNDA:0,(anonymous_35)
FNDA:0,(anonymous_36)
FNDA:0,(anonymous_37)
DA:26,0
DA:27,0
DA:31,0
DA:32,0
DA:33,0
DA:36,0
DA:39,0
DA:47,0
DA:50,0
DA:55,0
DA:61,0
DA:67,0
DA:70,0
DA:71,0
DA:74,0
DA:75,0
DA:76,0
DA:77,0
DA:79,0
DA:80,0
DA:81,0
DA:82,0
DA:85,0
DA:86,0
DA:87,0
DA:88,0
DA:89,0
DA:90,0
DA:93,0
DA:94,0
DA:97,0
DA:101,0
DA:105,0
DA:106,0
DA:107,0
DA:108,0
DA:109,0
DA:136,0
DA:137,0
DA:145,0
DA:148,0
DA:149,0
DA:150,0
DA:151,0
DA:153,0
DA:156,0
DA:159,0
DA:160,0
DA:161,0
DA:162,0
DA:168,0
DA:178,0
DA:182,0
DA:186,0
DA:187,0
DA:188,0
DA:190,0
DA:192,0
DA:193,0
DA:197,0
DA:202,0
DA:203,0
DA:204,0
DA:212,0
DA:213,0
DA:215,0
DA:217,0
DA:218,0
DA:219,0
DA:221,0
DA:222,0
DA:233,0
DA:234,0
DA:237,0
DA:244,0
DA:245,0
DA:246,0
DA:249,0
DA:250,0
DA:251,0
DA:255,0
DA:256,0
DA:258,0
DA:261,0
DA:269,0
DA:270,0
DA:273,0
DA:274,0
DA:276,0
DA:277,0
DA:281,0
DA:285,0
DA:286,0
DA:291,0
DA:292,0
DA:293,0
DA:294,0
DA:295,0
DA:299,0
DA:300,0
DA:302,0
DA:306,0
DA:309,0
DA:310,0
DA:315,0
DA:316,0
DA:317,0
DA:318,0
DA:321,0
DA:322,0
DA:327,0
DA:328,0
DA:329,0
DA:330,0
DA:331,0
LF:115
LH:0
BRDA:31,0,0,0
BRDA:31,0,1,0
BRDA:32,1,0,0
BRDA:32,2,0,0
BRDA:32,2,1,0
BRDA:87,3,0,0
BRDA:89,4,0,0
BRDA:93,5,0,0
BRDA:140,6,0,0
BRDA:140,6,1,0
BRDA:149,7,0,0
BRDA:149,7,1,0
BRDA:150,8,0,0
BRDA:150,8,1,0
BRDA:151,9,0,0
BRDA:151,9,1,0
BRDA:161,10,0,0
BRDA:161,10,1,0
BRDA:192,11,0,0
BRDA:217,12,0,0
BRDA:221,13,0,0
BRDA:223,14,0,0
BRDA:223,14,1,0
BRDA:224,15,0,0
BRDA:224,15,1,0
BRDA:225,16,0,0
BRDA:225,16,1,0
BRDA:240,17,0,0
BRDA:240,17,1,0
BRDA:276,18,0,0
BRDA:292,19,0,0
BRDA:292,19,1,0
BRDA:292,19,2,0
BRDA:293,20,0,0
BRDA:293,20,1,0
BRDA:309,21,0,0
BRDA:309,21,1,0
BRDA:317,22,0,0
BRDA:317,22,1,0
BRDA:318,23,0,0
BRDA:318,23,1,0
BRF:41
BRH:0
end_of_record
TN:
SF:server/routes.ts
FN:5,registerRoutes
FNF:1
FNH:0
FNDA:0,registerRoutes
DA:12,0
DA:14,0
LF:2
LH:0
BRF:0
BRH:0
end_of_record
TN:
SF:server/storage.ts
FN:16,(anonymous_7)
FN:20,(anonymous_8)
FN:24,(anonymous_10)
FN:26,(anonymous_12)
FN:30,(anonymous_13)
FNF:5
FNH:0
FNDA:0,(anonymous_7)
FNDA:0,(anonymous_8)
FNDA:0,(anonymous_10)
FNDA:0,(anonymous_12)
FNDA:0,(anonymous_13)
DA:17,0
DA:21,0
DA:25,0
DA:26,0
DA:31,0
DA:32,0
DA:33,0
DA:34,0
DA:38,0
LF:9
LH:0
BRF:0
BRH:0
end_of_record
TN:
SF:server/swagger.ts
FN:155,setupSwagger
FN:167,(anonymous_1)
FNF:2
FNH:0
FNDA:0,setupSwagger
FNDA:0,(anonymous_1)
DA:6,0
DA:150,0
DA:157,0
DA:167,0
DA:168,0
DA:169,0
DA:172,0
LF:7
LH:0
BRF:0
BRH:0
end_of_record
TN:
SF:server/vite.ts
FN:5,log
FN:17,serveStatic
FN:46,(anonymous_2)
FNF:3
FNH:0
FNDA:0,log
FNDA:0,serveStatic
FNDA:0,(anonymous_2)
DA:6,0
DA:13,0
DA:20,0
DA:21,0
DA:24,0
DA:27,0
DA:35,0
DA:36,0
DA:40,0
DA:43,0
DA:46,0
DA:47,0
LF:12
LH:0
BRDA:5,0,0,0
BRDA:20,1,0,0
BRDA:20,1,1,0
BRDA:35,2,0,0
BRF:4
BRH:0
end_of_record
TN:
SF:server/middleware/audit.ts
FN:15,(anonymous_7)
FN:16,(anonymous_8)
FN:16,(anonymous_9)
FN:22,(anonymous_10)
FN:41,(anonymous_11)
FN:58,sanitizeBody
FNF:6
FNH:5
FNDA:15,(anonymous_7)
FNDA:2,(anonymous_8)
FNDA:2,(anonymous_9)
FNDA:2,(anonymous_10)
FNDA:0,(anonymous_11)
FNDA:1,sanitizeBody
DA:4,3
DA:15,3
DA:16,15
DA:17,2
DA:19,2
DA:22,2
DA:24,2
DA:26,1
DA:42,0
DA:46,2
DA:49,2
DA:51,0
DA:52,0
DA:59,1
DA:61,1
DA:62,1
DA:64,1
DA:65,4
DA:66,2
DA:70,1
DA:73,3
LF:21
LH:18
BRDA:24,0,0,1
BRDA:24,1,0,2
BRDA:24,1,1,2
BRDA:27,2,0,1
BRDA:27,2,1,0
BRDA:27,3,0,0
BRDA:27,3,1,1
BRDA:27,4,0,1
BRDA:27,4,1,1
BRDA:29,5,0,1
BRDA:29,5,1,1
BRDA:29,5,2,1
BRDA:30,6,0,1
BRDA:30,6,1,0
BRDA:39,7,0,1
BRDA:39,7,1,0
BRDA:39,7,2,0
BRDA:40,8,0,1
BRDA:40,8,1,1
BRDA:59,9,0,0
BRDA:65,10,0,2
BRF:21
BRH:15
end_of_record
TN:
SF:server/middleware/auth.ts
FN:18,(anonymous_8)
FN:22,(anonymous_9)
FN:54,(anonymous_10)
FNF:3
FNH:3
FNDA:13,(anonymous_8)
FNDA:13,(anonymous_9)
FNDA:6,(anonymous_10)
DA:3,7
DA:8,7
DA:18,7
DA:22,13
DA:23,13
DA:24,13
DA:26,12
DA:27,6
DA:28,6
DA:31,6
DA:33,6
DA:34,6
DA:41,5
DA:42,5
DA:44,1
DA:45,1
DA:48,1
DA:49,1
DA:54,7
DA:55,6
DA:66,7
LF:21
LH:21
BRDA:8,0,0,7
BRDA:8,0,1,0
BRDA:26,1,0,6
BRDA:26,2,0,12
BRDA:26,2,1,7
BRF:5
BRH:4
end_of_record
TN:
SF:server/middleware/authorize.ts
FN:17,(anonymous_0)
FN:18,(anonymous_1)
FNF:2
FNH:2
FNDA:15,(anonymous_0)
FNDA:3,(anonymous_1)
DA:6,3
DA:17,3
DA:18,15
DA:19,3
DA:20,1
DA:21,1
DA:24,2
DA:25,1
DA:29,1
DA:32,1
DA:37,3
DA:38,3
DA:39,3
DA:40,3
DA:41,3
DA:43,3
LF:16
LH:16
BRDA:19,0,0,1
BRDA:24,1,0,1
BRF:2
BRH:2
end_of_record
TN:
SF:server/middleware/validation.ts
FN:10,(anonymous_0)
FNF:1
FNH:1
FNDA:4,(anonymous_0)
DA:2,4
DA:5,4
DA:10,4
DA:11,4
DA:12,4
DA:13,1
DA:17,1
DA:19,3
DA:25,4
DA:71,4
DA:141,4
DA:188,4
DA:236,4
DA:246,4
LF:14
LH:14
BRDA:12,0,0,1
BRF:1
BRH:1
end_of_record
TN:
SF:server/models/AuditTrail.ts
FN:31,(anonymous_2)
FN:36,(anonymous_3)
FNF:2
FNH:2
FNDA:9,(anonymous_2)
FNDA:18,(anonymous_3)
DA:2,9
DA:4,9
DA:25,9
DA:29,9
DA:31,9
DA:34,9
DA:36,18
DA:37,9
DA:41,9
DA:44,9
DA:47,9
DA:51,9
DA:54,9
DA:57,9
DA:61,9
DA:64,9
LF:16
LH:16
BRF:0
BRH:0
end_of_record
TN:
SF:server/models/Command.ts
FN:8,(anonymous_2)
FN:54,(anonymous_3)
FN:59,(anonymous_4)
FN:81,(anonymous_5)
FN:86,(anonymous_6)
FNF:5
FNH:5
FNDA:9,(anonymous_2)
FNDA:27,(anonymous_3)
FNDA:18,(anonymous_4)
FNDA:9,(anonymous_5)
FNDA:18,(anonymous_6)
DA:2,9
DA:4,9
DA:5,9
DA:8,9
DA:9,9
DA:10,9
DA:11,9
DA:12,9
DA:13,9
DA:48,9
DA:52,9
DA:54,27
DA:57,9
DA:59,18
DA:60,9
DA:64,9
DA:68,9
DA:73,9
DA:76,9
DA:79,9
DA:81,9
DA:84,9
DA:86,18
DA:87,9
DA:90,9
DA:93,9
DA:96,9
DA:99,9
LF:28
LH:28
BRDA:8,0,0,9
BRDA:8,0,1,9
BRF:2
BRH:2
end_of_record
TN:
SF:server/models/Device.ts
FN:74,(anonymous_2)
FN:60,(anonymous_3)
FN:64,(anonymous_4)
FNF:3
FNH:2
FNDA:0,(anonymous_2)
FNDA:9,(anonymous_3)
FNDA:18,(anonymous_4)
DA:2,9
DA:4,9
DA:28,9
DA:32,9
DA:36,9
DA:40,9
DA:44,9
DA:48,9
DA:52,9
DA:55,9
DA:58,9
DA:60,9
DA:62,9
DA:64,18
DA:65,9
DA:68,9
DA:71,9
DA:75,0
DA:76,0
DA:77,0
DA:78,0
DA:79,0
DA:83,9
LF:23
LH:18
BRDA:75,0,0,0
BRF:1
BRH:0
end_of_record
TN:
SF:server/models/DeviceLog.ts
FN:7,(anonymous_2)
FN:47,(anonymous_3)
FN:52,(anonymous_4)
FNF:3
FNH:3
FNDA:9,(anonymous_2)
FNDA:9,(anonymous_3)
FNDA:18,(anonymous_4)
DA:2,9
DA:4,9
DA:7,9
DA:8,9
DA:9,9
DA:10,9
DA:11,9
DA:12,9
DA:13,9
DA:14,9
DA:15,9
DA:16,9
DA:17,9
DA:18,9
DA:19,9
DA:20,9
DA:21,9
DA:41,9
DA:45,9
DA:47,9
DA:50,9
DA:52,18
DA:53,9
DA:57,9
DA:61,9
DA:64,9
DA:68,9
DA:71,9
LF:28
LH:28
BRDA:7,0,0,9
BRDA:7,0,1,9
BRF:2
BRH:2
end_of_record
TN:
SF:server/models/User.ts
FN:6,(anonymous_2)
FNF:1
FNH:1
FNDA:9,(anonymous_2)
DA:2,9
DA:6,9
DA:7,9
DA:8,9
DA:9,9
DA:10,9
DA:34,9
DA:38,9
DA:43,9
DA:48,9
DA:52,9
DA:57,9
DA:60,9
DA:63,9
DA:66,9
DA:69,9
LF:16
LH:16
BRDA:6,0,0,9
BRDA:6,0,1,9
BRF:2
BRH:2
end_of_record
TN:
SF:server/models/index.ts
FN:30,(anonymous_7)
FN:31,(anonymous_8)
FN:32,(anonymous_9)
FN:33,(anonymous_10)
FN:34,(anonymous_11)
FN:35,(anonymous_12)
FN:36,(anonymous_13)
FN:37,(anonymous_14)
FN:39,(anonymous_15)
FN:14,initializeDatabase
FNF:10
FNH:3
FNDA:0,(anonymous_7)
FNDA:13,(anonymous_8)
FNDA:0,(anonymous_9)
FNDA:0,(anonymous_10)
FNDA:0,(anonymous_11)
FNDA:0,(anonymous_12)
FNDA:0,(anonymous_13)
FNDA:0,(anonymous_14)
FNDA:4,(anonymous_15)
FNDA:9,initializeDatabase
DA:3,9
DA:4,9
DA:5,9
DA:6,9
DA:7,9
DA:8,9
DA:11,9
DA:14,9
DA:15,9
DA:16,9
DA:17,9
DA:20,9
DA:21,9
DA:23,0
DA:24,0
DA:30,9
DA:31,22
DA:32,9
DA:33,9
DA:34,9
DA:35,9
DA:36,9
DA:37,9
DA:39,13
DA:42,9
LF:25
LH:23
BRF:0
BRH:0
end_of_record
TN:
SF:server/routes/audit.routes.ts
FN:23,(anonymous_7)
FN:23,(anonymous_8)
FN:74,(anonymous_9)
FN:74,(anonymous_10)
FN:103,(anonymous_11)
FNF:5
FNH:0
FNDA:0,(anonymous_7)
FNDA:0,(anonymous_8)
FNDA:0,(anonymous_9)
FNDA:0,(anonymous_10)
FNDA:0,(anonymous_11)
DA:10,0
DA:13,0
DA:19,0
DA:23,0
DA:24,0
DA:25,0
DA:27,0
DA:29,0
DA:30,0
DA:33,0
DA:34,0
DA:37,0
DA:38,0
DA:39,0
DA:40,0
DA:42,0
DA:43,0
DA:47,0
DA:58,0
DA:60,0
DA:61,0
DA:70,0
DA:74,0
DA:75,0
DA:76,0
DA:78,0
DA:80,0
DA:81,0
DA:82,0
DA:83,0
DA:85,0
DA:86,0
DA:90,0
DA:101,0
DA:104,0
DA:105,0
DA:109,0
DA:110,0
DA:111,0
DA:113,0
DA:114,0
LF:41
LH:0
BRDA:25,0,0,0
BRDA:29,1,0,0
BRDA:33,2,0,0
BRDA:37,3,0,0
BRDA:37,4,0,0
BRDA:37,4,1,0
BRDA:39,5,0,0
BRDA:42,6,0,0
BRDA:80,7,0,0
BRDA:80,8,0,0
BRDA:80,8,1,0
BRDA:82,9,0,0
BRDA:85,10,0,0
BRDA:104,11,0,0
BRDA:104,11,1,0
BRDA:105,12,0,0
BRDA:105,12,1,0
BRDA:105,13,0,0
BRDA:105,13,1,0
BRDA:105,14,0,0
BRDA:105,14,1,0
BRF:21
BRH:0
end_of_record
TN:
SF:server/routes/auth.routes.ts
FN:15,(anonymous_8)
FN:15,(anonymous_9)
FN:72,(anonymous_10)
FN:72,(anonymous_11)
FN:132,(anonymous_12)
FN:132,(anonymous_13)
FNF:6
FNH:2
FNDA:0,(anonymous_8)
FNDA:0,(anonymous_9)
FNDA:1,(anonymous_10)
FNDA:1,(anonymous_11)
FNDA:0,(anonymous_12)
FNDA:0,(anonymous_13)
DA:2,1
DA:3,1
DA:4,1
DA:5,1
DA:6,1
DA:7,1
DA:9,1
DA:15,1
DA:16,0
DA:17,0
DA:19,0
DA:20,0
DA:21,0
DA:25,0
DA:26,0
DA:29,0
DA:35,0
DA:36,0
DA:37,0
DA:41,0
DA:44,0
DA:51,0
DA:53,0
DA:63,0
DA:64,0
DA:72,1
DA:73,1
DA:74,1
DA:76,1
DA:77,0
DA:78,0
DA:82,1
DA:88,1
DA:89,0
DA:90,0
DA:94,1
DA:96,1
DA:97,0
DA:98,0
DA:102,1
DA:105,1
DA:107,1
DA:109,1
DA:120,0
DA:121,0
DA:129,1
DA:130,1
DA:132,1
DA:133,0
DA:134,0
DA:138,0
DA:139,0
DA:140,0
DA:143,0
DA:145,0
DA:146,0
DA:150,1
LF:57
LH:24
BRDA:19,0,0,0
BRDA:19,1,0,0
BRDA:19,1,1,0
BRDA:19,1,2,0
BRDA:26,2,0,0
BRDA:26,2,1,0
BRDA:26,3,0,0
BRDA:26,3,1,0
BRDA:35,4,0,0
BRDA:76,5,0,0
BRDA:76,6,0,1
BRDA:76,6,1,1
BRDA:88,7,0,0
BRDA:96,8,0,0
BRDA:138,9,0,0
BRF:15
BRH:2
end_of_record
TN:
SF:server/routes/devices.routes.ts
FN:24,(anonymous_8)
FN:24,(anonymous_9)
FN:32,(anonymous_10)
FN:54,(anonymous_11)
FN:54,(anonymous_12)
FN:102,(anonymous_13)
FN:102,(anonymous_14)
FN:169,(anonymous_15)
FN:169,(anonymous_16)
FN:235,(anonymous_17)
FN:235,(anonymous_18)
FN:279,(anonymous_19)
FN:279,(anonymous_20)
FN:312,(anonymous_21)
FN:312,(anonymous_22)
FN:355,(anonymous_23)
FN:355,(anonymous_24)
FNF:17
FNH:0
FNDA:0,(anonymous_8)
FNDA:0,(anonymous_9)
FNDA:0,(anonymous_10)
FNDA:0,(anonymous_11)
FNDA:0,(anonymous_12)
FNDA:0,(anonymous_13)
FNDA:0,(anonymous_14)
FNDA:0,(anonymous_15)
FNDA:0,(anonymous_16)
FNDA:0,(anonymous_17)
FNDA:0,(anonymous_18)
FNDA:0,(anonymous_19)
FNDA:0,(anonymous_20)
FNDA:0,(anonymous_21)
FNDA:0,(anonymous_22)
FNDA:0,(anonymous_23)
FNDA:0,(anonymous_24)
DA:2,1
DA:3,1
DA:4,1
DA:5,1
DA:6,1
DA:7,1
DA:8,1
DA:9,1
DA:11,1
DA:14,1
DA:20,1
DA:24,0
DA:25,0
DA:26,0
DA:32,0
DA:37,0
DA:39,0
DA:40,0
DA:49,1
DA:54,0
DA:55,0
DA:56,0
DA:58,0
DA:59,0
DA:60,0
DA:64,0
DA:71,0
DA:78,0
DA:87,0
DA:88,0
DA:97,1
DA:102,0
DA:103,0
DA:104,0
DA:106,0
DA:107,0
DA:108,0
DA:111,0
DA:113,0
DA:114,0
DA:115,0
DA:119,0
DA:120,0
DA:121,0
DA:125,0
DA:134,0
DA:136,0
DA:137,0
DA:138,0
DA:140,0
DA:146,0
DA:152,0
DA:153,0
DA:162,1
DA:164,1
DA:169,0
DA:170,0
DA:171,0
DA:173,0
DA:174,0
DA:175,0
DA:179,0
DA:180,0
DA:181,0
DA:183,0
DA:185,0
DA:187,0
DA:188,0
DA:231,1
DA:235,0
DA:236,0
DA:237,0
DA:239,0
DA:240,0
DA:241,0
DA:244,0
DA:245,0
DA:246,0
DA:250,0
DA:255,0
DA:256,0
DA:257,0
DA:262,0
DA:265,0
DA:266,0
DA:275,1
DA:279,0
DA:280,0
DA:281,0
DA:283,0
DA:284,0
DA:285,0
DA:289,0
DA:291,0
DA:292,0
DA:293,0
DA:295,0
DA:298,0
DA:299,0
DA:308,1
DA:312,0
DA:313,0
DA:314,0
DA:316,0
DA:317,0
DA:318,0
DA:321,0
DA:323,0
DA:324,0
DA:325,0
DA:328,0
DA:335,0
DA:336,0
DA:338,0
DA:341,0
DA:342,0
DA:351,1
DA:355,0
DA:356,0
DA:357,0
DA:359,0
DA:360,0
DA:361,0
DA:364,0
DA:366,0
DA:367,0
DA:368,0
DA:371,0
DA:377,0
DA:378,0
DA:380,0
DA:383,0
DA:384,0
DA:389,1
LF:134
LH:20
BRDA:58,0,0,0
BRDA:106,1,0,0
BRDA:111,2,0,0
BRDA:113,3,0,0
BRDA:119,4,0,0
BRDA:136,5,0,0
BRDA:136,5,1,0
BRDA:147,6,0,0
BRDA:147,6,1,0
BRDA:173,7,0,0
BRDA:239,8,0,0
BRDA:244,9,0,0
BRDA:251,10,0,0
BRDA:251,10,1,0
BRDA:252,11,0,0
BRDA:252,11,1,0
BRDA:255,12,0,0
BRDA:255,12,1,0
BRDA:283,13,0,0
BRDA:291,14,0,0
BRDA:291,14,1,0
BRDA:316,15,0,0
BRDA:323,16,0,0
BRDA:323,17,0,0
BRDA:323,17,1,0
BRDA:323,17,2,0
BRDA:335,18,0,0
BRDA:335,18,1,0
BRDA:359,19,0,0
BRDA:366,20,0,0
BRDA:366,21,0,0
BRDA:366,21,1,0
BRDA:377,22,0,0
BRDA:377,22,1,0
BRF:34
BRH:0
end_of_record
TN:
SF:server/routes/upload.routes.ts
FN:14,(anonymous_7)
FN:24,(anonymous_8)
FN:45,(anonymous_9)
FN:45,(anonymous_10)
FN:120,(anonymous_11)
FN:120,(anonymous_12)
FNF:6
FNH:0
FNDA:0,(anonymous_7)
FNDA:0,(anonymous_8)
FNDA:0,(anonymous_9)
FNDA:0,(anonymous_10)
FNDA:0,(anonymous_11)
FNDA:0,(anonymous_12)
DA:10,0
DA:13,0
DA:15,0
DA:18,0
DA:19,0
DA:22,0
DA:25,0
DA:26,0
DA:30,0
DA:42,0
DA:45,0
DA:46,0
DA:47,0
DA:48,0
DA:50,0
DA:51,0
DA:52,0
DA:56,0
DA:60,0
DA:61,0
DA:63,0
DA:74,0
DA:75,0
DA:77,0
DA:78,0
DA:79,0
DA:80,0
DA:81,0
DA:82,0
DA:83,0
DA:84,0
DA:87,0
DA:99,0
DA:101,0
DA:107,0
DA:108,0
DA:117,0
DA:120,0
DA:121,0
DA:122,0
DA:123,0
DA:125,0
DA:126,0
DA:127,0
DA:130,0
DA:132,0
DA:133,0
LF:47
LH:0
BRDA:18,0,0,0
BRDA:47,1,0,0
BRDA:47,1,1,0
BRDA:50,2,0,0
BRDA:60,3,0,0
BRDA:68,4,0,0
BRDA:68,4,1,0
BRDA:77,5,0,0
BRDA:77,5,1,0
BRDA:78,6,0,0
BRDA:78,6,1,0
BRDA:79,7,0,0
BRDA:79,7,1,0
BRDA:80,8,0,0
BRDA:80,8,1,0
BRDA:81,9,0,0
BRDA:81,9,1,0
BRDA:81,10,0,0
BRDA:81,10,1,0
BRDA:82,11,0,0
BRDA:82,11,1,0
BRDA:82,12,0,0
BRDA:82,12,1,0
BRDA:83,13,0,0
BRDA:83,13,1,0
BRDA:84,14,0,0
BRDA:125,15,0,0
BRF:27
BRH:0
end_of_record
TN:
SF:server/routes/users.routes.ts
FN:24,(anonymous_8)
FN:24,(anonymous_9)
FN:48,(anonymous_10)
FN:48,(anonymous_11)
FN:76,(anonymous_12)
FN:76,(anonymous_13)
FN:122,(anonymous_14)
FN:122,(anonymous_15)
FN:168,(anonymous_16)
FN:168,(anonymous_17)
FNF:10
FNH:0
FNDA:0,(anonymous_8)
FNDA:0,(anonymous_9)
FNDA:0,(anonymous_10)
FNDA:0,(anonymous_11)
FNDA:0,(anonymous_12)
FNDA:0,(anonymous_13)
FNDA:0,(anonymous_14)
FNDA:0,(anonymous_15)
FNDA:0,(anonymous_16)
FNDA:0,(anonymous_17)
DA:2,1
DA:3,1
DA:4,1
DA:5,1
DA:6,1
DA:7,1
DA:8,1
DA:9,1
DA:11,1
DA:14,1
DA:20,1
DA:24,0
DA:25,0
DA:26,0
DA:31,0
DA:33,0
DA:34,0
DA:43,1
DA:48,0
DA:49,0
DA:50,0
DA:54,0
DA:55,0
DA:56,0
DA:59,0
DA:61,0
DA:62,0
DA:71,1
DA:76,0
DA:77,0
DA:78,0
DA:80,0
DA:81,0
DA:82,0
DA:86,0
DA:88,0
DA:95,0
DA:97,0
DA:107,0
DA:108,0
DA:117,1
DA:122,0
DA:123,0
DA:124,0
DA:126,0
DA:127,0
DA:128,0
DA:131,0
DA:132,0
DA:134,0
DA:135,0
DA:136,0
DA:137,0
DA:139,0
DA:141,0
DA:143,0
DA:153,0
DA:154,0
DA:163,1
DA:168,0
DA:169,0
DA:171,0
DA:172,0
DA:173,0
DA:176,0
DA:178,0
DA:179,0
DA:180,0
DA:183,0
DA:185,0
DA:187,0
DA:189,0
DA:190,0
DA:195,1
LF:74
LH:16
BRDA:54,0,0,0
BRDA:80,1,0,0
BRDA:80,2,0,0
BRDA:80,2,1,0
BRDA:80,2,2,0
BRDA:92,3,0,0
BRDA:92,3,1,0
BRDA:126,4,0,0
BRDA:134,5,0,0
BRDA:135,6,0,0
BRDA:136,7,0,0
BRDA:137,8,0,0
BRDA:171,9,0,0
BRDA:178,10,0,0
BRF:14
BRH:0
end_of_record
TN:
SF:server/scripts/migrate.ts
FN:11,migrate
FN:31,(anonymous_9)
FN:45,(anonymous_10)
FN:61,(anonymous_11)
FN:65,(anonymous_12)
FNF:5
FNH:0
FNDA:0,migrate
FNDA:0,(anonymous_9)
FNDA:0,(anonymous_10)
FNDA:0,(anonymous_11)
FNDA:0,(anonymous_12)
DA:12,0
DA:13,0
DA:16,0
DA:17,0
DA:20,0
DA:21,0
DA:22,0
DA:24,0
DA:25,0
DA:26,0
DA:28,0
DA:29,0
DA:30,0
DA:31,0
DA:35,0
DA:40,0
DA:43,0
DA:44,0
DA:45,0
DA:46,0
DA:48,0
DA:50,0
DA:51,0
DA:52,0
DA:54,0
DA:59,0
DA:60,0
DA:62,0
DA:63,0
DA:66,0
DA:67,0
LF:31
LH:0
BRDA:20,0,0,0
BRDA:20,0,1,0
BRDA:22,1,0,0
BRDA:22,1,1,0
BRDA:28,2,0,0
BRDA:37,3,0,0
BRDA:37,3,1,0
BRDA:59,4,0,0
BRF:8
BRH:0
end_of_record
TN:
SF:server/scripts/seed-admin.ts
FN:9,seedAdminUser
FN:63,(anonymous_9)
FN:64,(anonymous_10)
FNF:3
FNH:0
FNDA:0,seedAdminUser
FNDA:0,(anonymous_9)
FNDA:0,(anonymous_10)
DA:10,0
DA:12,0
DA:15,0
DA:17,0
DA:18,0
DA:19,0
DA:20,0
DA:24,0
DA:25,0
DA:26,0
DA:29,0
DA:32,0
DA:39,0
DA:40,0
DA:52,0
DA:53,0
DA:54,0
DA:56,0
DA:61,0
DA:62,0
DA:63,0
DA:65,0
DA:66,0
LF:23
LH:0
BRDA:17,0,0,0
BRDA:24,1,0,0
BRDA:24,1,1,0
BRDA:25,2,0,0
BRDA:25,2,1,0
BRDA:26,3,0,0
BRDA:26,3,1,0
BRDA:61,4,0,0
BRF:8
BRH:0
end_of_record
TN:
SF:server/utils/logger.ts
FN:9,(anonymous_1)
FNF:1
FNH:1
FNDA:1,(anonymous_1)
DA:2,3
DA:4,3
DA:10,1
DA:11,0
DA:13,1
DA:17,3
DA:41,3
LF:7
LH:6
BRDA:10,0,0,0
BRDA:18,1,0,3
BRDA:18,1,1,0
BRF:3
BRH:1
end_of_record
TN:
SF:server/utils/socketBridge.ts
FN:13,initSocketBridge
FN:21,registerDevice
FN:29,unregisterDevice
FN:37,getDeviceSocket
FN:44,getConnectedDevices
FN:51,emitToDevice
FN:68,(anonymous_6)
FN:85,emitToAll
FN:94,(anonymous_8)
FN:110,isDeviceOnline
FNF:10
FNH:0
FNDA:0,initSocketBridge
FNDA:0,registerDevice
FNDA:0,unregisterDevice
FNDA:0,getDeviceSocket
FNDA:0,getConnectedDevices
FNDA:0,emitToDevice
FNDA:0,(anonymous_6)
FNDA:0,emitToAll
FNDA:0,(anonymous_8)
FNDA:0,isDeviceOnline
DA:5,1
DA:8,1
DA:13,1
DA:14,0
DA:15,0
DA:21,1
DA:22,0
DA:23,0
DA:29,1
DA:30,0
DA:31,0
DA:37,1
DA:38,0
DA:44,1
DA:45,0
DA:51,1
DA:56,0
DA:57,0
DA:58,0
DA:61,0
DA:62,0
DA:63,0
DA:64,0
DA:68,0
DA:73,0
DA:78,0
DA:79,0
DA:85,1
DA:89,0
DA:90,0
DA:91,0
DA:94,0
DA:99,0
DA:104,0
DA:110,1
DA:111,0
DA:114,1
LF:37
LH:11
BRDA:54,0,0,0
BRDA:56,1,0,0
BRDA:62,2,0,0
BRDA:87,3,0,0
BRDA:89,4,0,0
BRF:5
BRH:0
end_of_record
